#
# There is insufficient memory for the Java Runtime Environment to continue.
# Native memory allocation (malloc) failed to allocate 1048576 bytes for AllocateHeap
# Possible reasons:
#   The system is out of physical RAM or swap space
#   The process is running with CompressedOops enabled, and the Java Heap may be blocking the growth of the native heap
# Possible solutions:
#   Reduce memory load on the system
#   Increase physical memory or swap space
#   Check if swap backing store is full
#   Decrease Java heap size (-Xmx/-Xms)
#   Decrease number of Java threads
#   Decrease Java thread stack sizes (-Xss)
#   Set larger code cache with -XX:ReservedCodeCacheSize=
#   JVM is running with Unscaled Compressed Oops mode in which the Java heap is
#     placed in the first 4GB address space. The Java Heap base address is the
#     maximum limit for the native heap growth. Please use -XX:HeapBaseMinAddress
#     to set the Java Heap base and to place the Java Heap above 4GB virtual address.
# This output file may be truncated or incomplete.
#
#  Out of Memory Error (memory/allocation.inline.hpp:61), pid=2188, tid=0x0000000000001894
#
# JRE version:  (8.0_221-b11) (build )
# Java VM: Java HotSpot(TM) 64-Bit Server VM (25.221-b11 mixed mode windows-amd64 compressed oops)
# Failed to write core dump. Minidumps are not enabled by default on client versions of Windows
#

---------------  T H R E A D  ---------------

Current thread (0x0000000000aee800):  JavaThread "Unknown thread" [_thread_in_vm, id=6292, stack(0x0000000002300000,0x0000000002400000)]

Stack: [0x0000000002300000,0x0000000002400000]
[error occurred during error reporting (printing stack bounds), id 0xc0000005]

Native frames: (J=compiled Java code, j=interpreted, Vv=VM code, C=native code)


---------------  P R O C E S S  ---------------

Java Threads: ( => current thread )

Other Threads:

=>0x0000000000aee800 (exited) JavaThread "Unknown thread" [_thread_in_vm, id=6292, stack(0x0000000002300000,0x0000000002400000)]

VM state:not at safepoint (normal execution)

VM Mutex/Monitor currently owned by a thread: None

heap address: 0x00000000c1800000, size: 1000 MB, Compressed Oops mode: 32-bit
Narrow klass base: 0x0000000000000000, Narrow klass shift: 3
Compressed class space size: 1073741824 Address: 0x0000000100000000

Heap:
 PSYoungGen      total 18944K, used 327K [0x00000000eb300000, 0x00000000ec800000, 0x0000000100000000)
  eden space 16384K, 2% used [0x00000000eb300000,0x00000000eb351ec8,0x00000000ec300000)
  from space 2560K, 0% used [0x00000000ec580000,0x00000000ec580000,0x00000000ec800000)
  to   space 2560K, 0% used [0x00000000ec300000,0x00000000ec300000,0x00000000ec580000)
 ParOldGen       total 44032K, used 0K [0x00000000c1800000, 0x00000000c4300000, 0x00000000eb300000)
  object space 44032K, 0% used [0x00000000c1800000,0x00000000c1800000,0x00000000c4300000)
 Metaspace       used 776K, capacity 4480K, committed 4480K, reserved 1056768K
  class space    used 76K, capacity 384K, committed 384K, reserved 1048576K

Card table byte_map: [0x00000000118c0000,0x0000000011ac0000] byte_map_base: 0x00000000112b4000

Marking Bits: (ParMarkBitMap*) 0x0000000057945ce0
 Begin Bits: [0x0000000012010000, 0x0000000012fb0000)
 End Bits:   [0x0000000012fb0000, 0x0000000013f50000)

Polling page: 0x0000000000ab0000

CodeCache: size=245760Kb used=328Kb max_used=328Kb free=245431Kb
 bounds [0x0000000002500000, 0x0000000002770000, 0x0000000011500000]
 total_blobs=58 nmethods=0 adapters=38
 compilation: enabled

Compilation events (0 events):
No events

GC Heap History (0 events):
No events

Deoptimization events (0 events):
No events

Classes redefined (0 events):
No events

Internal exceptions (0 events):
No events

Events (10 events):
Event: 0.071 loading class java/lang/Short
Event: 0.072 loading class java/lang/Short done
Event: 0.072 loading class java/lang/Integer
Event: 0.072 loading class java/lang/Integer done
Event: 0.072 loading class java/lang/Long
Event: 0.072 loading class java/lang/Long done
Event: 0.072 loading class java/lang/NullPointerException
Event: 0.072 loading class java/lang/NullPointerException done
Event: 0.072 loading class java/lang/ArithmeticException
Event: 0.073 loading class java/lang/ArithmeticException done


Dynamic libraries:
0x00007ff7f58e0000 - 0x00007ff7f5917000 	C:\Program Files\Java\jdk1.8.0_221\bin\java.exe
0x00007ffafbb10000 - 0x00007ffafbd08000 	C:\WINDOWS\SYSTEM32\ntdll.dll
0x00007ffafaf80000 - 0x00007ffafb03f000 	C:\WINDOWS\System32\KERNEL32.DLL
0x00007ffaf9710000 - 0x00007ffaf99e2000 	C:\WINDOWS\System32\KERNELBASE.dll
0x00007ffafad40000 - 0x00007ffafadee000 	C:\WINDOWS\System32\ADVAPI32.dll
0x00007ffafaee0000 - 0x00007ffafaf7e000 	C:\WINDOWS\System32\msvcrt.dll
0x00007ffafb410000 - 0x00007ffafb4ac000 	C:\WINDOWS\System32\sechost.dll
0x00007ffafa940000 - 0x00007ffafaa65000 	C:\WINDOWS\System32\RPCRT4.dll
0x00007ffafb040000 - 0x00007ffafb1e1000 	C:\WINDOWS\System32\USER32.dll
0x00007ffaf94a0000 - 0x00007ffaf94c2000 	C:\WINDOWS\System32\win32u.dll
0x00007ffafb9d0000 - 0x00007ffafb9fb000 	C:\WINDOWS\System32\GDI32.dll
0x00007ffaf9600000 - 0x00007ffaf970f000 	C:\WINDOWS\System32\gdi32full.dll
0x00007ffaf92b0000 - 0x00007ffaf934d000 	C:\WINDOWS\System32\msvcp_win.dll
0x00007ffaf94d0000 - 0x00007ffaf95d0000 	C:\WINDOWS\System32\ucrtbase.dll
0x00007ffae6520000 - 0x00007ffae67ba000 	C:\WINDOWS\WinSxS\amd64_microsoft.windows.common-controls_6595b64144ccf1df_6.0.19041.1110_none_60b5254171f9507e\COMCTL32.dll
0x00007ffafb930000 - 0x00007ffafb962000 	C:\WINDOWS\System32\IMM32.DLL
0x0000000057040000 - 0x0000000057112000 	C:\Program Files\Java\jdk1.8.0_221\jre\bin\msvcr100.dll
0x0000000057120000 - 0x00000000579c5000 	C:\Program Files\Java\jdk1.8.0_221\jre\bin\server\jvm.dll
0x00007ffafb1f0000 - 0x00007ffafb1f8000 	C:\WINDOWS\System32\PSAPI.DLL
0x00007ffaecdc0000 - 0x00007ffaecdca000 	C:\WINDOWS\SYSTEM32\VERSION.dll
0x00007ffae9590000 - 0x00007ffae95b7000 	C:\WINDOWS\SYSTEM32\WINMM.dll
0x00007ffaf6af0000 - 0x00007ffaf6af9000 	C:\WINDOWS\SYSTEM32\WSOCK32.dll
0x00007ffafae70000 - 0x00007ffafaedb000 	C:\WINDOWS\System32\WS2_32.dll
0x00007ffaf5db0000 - 0x00007ffaf5dbf000 	C:\Program Files\Java\jdk1.8.0_221\jre\bin\verify.dll
0x00007ffaee3f0000 - 0x00007ffaee419000 	C:\Program Files\Java\jdk1.8.0_221\jre\bin\java.dll
0x00007ffaf3ca0000 - 0x00007ffaf3cb6000 	C:\Program Files\Java\jdk1.8.0_221\jre\bin\zip.dll

VM Arguments:
jvm_args: -Dfile.encoding=UTF-8 
java_command: collectionnew.dictionary.Main
java_class_path (initial): C:\Workspace\DictionaryApp\build\classes
Launcher Type: SUN_STANDARD

Environment Variables:
PATH=C:\Program Files\Common Files\Oracle\Java\javapath;C:\Program Files (x86)\Common Files\Oracle\Java\javapath;C:\WINDOWS\system32;C:\WINDOWS;C:\WINDOWS\System32\Wbem;C:\WINDOWS\System32\WindowsPowerShell\v1.0\;C:\Program Files\Microsoft SQL Server\Client SDK\ODBC\110\Tools\Binn\;C:\Program Files (x86)\Microsoft SQL Server\120\Tools\Binn\;C:\Program Files\Microsoft SQL Server\120\Tools\Binn\;C:\Program Files\Microsoft SQL Server\120\DTS\Binn\;C:\Program Files (x86)\Microsoft SQL Server\120\Tools\Binn\ManagementStudio\;C:\Program Files (x86)\Microsoft SQL Server\120\DTS\Binn\;C:\Program Files\dotnet\;C:\Program Files\Microsoft SQL Server\130\Tools\Binn\;C:\WINDOWS\System32\OpenSSH\;C:\Program Files\Java\jdk1.8.0_221\bin;C:\Program Files\TortoiseGit\bin;C:\Program Files\Git\cmd;C:\Program Files\Java\jdk-11.0.16\bin;C:\Program Files\Java\jdk1.8.0_221\bin;C:\Users\Lenovo-PC\AppData\Local\GitHubDesktop\bin;%USERPROFILE%\AppData\Local\Microsoft\WindowsApps;
USERNAME=Lenovo-PC
OS=Windows_NT
PROCESSOR_IDENTIFIER=Intel64 Family 6 Model 58 Stepping 9, GenuineIntel



---------------  S Y S T E M  ---------------

OS: Windows 10.0 , 64 bit Build 19041 (10.0.19041.2364)

CPU:total 4 (initial active 4) (2 cores per cpu, 2 threads per core) family 6 model 58 stepping 9, cmov, cx8, fxsr, mmx, sse, sse2, sse3, ssse3, sse4.1, sse4.2, popcnt, avx, aes, clmul, erms, ht, tsc, tscinvbit, tscinv

Memory: 4k page, physical 4091160k(511732k free), swap 4091160k(5704k free)

vm_info: Java HotSpot(TM) 64-Bit Server VM (25.221-b11) for windows-amd64 JRE (1.8.0_221-b11), built on Jul  4 2019 04:39:29 by "java_re" with MS VC++ 10.0 (VS2010)

time: Thu Dec 22 23:59:12 2022
timezone: Azerbaijan Standard Time
elapsed time: 0 seconds (0d 0h 0m 0s)

